<?xml version="1.0" encoding="UTF-8"?>
<testng-results skipped="0" failed="0" ignored="0" total="1" passed="1">
  <reporter-output>
  </reporter-output>
  <suite name="Default suite" duration-ms="1108" started-at="2019-02-12T16:46:58Z" finished-at="2019-02-12T16:46:59Z">
    <groups>
    </groups>
    <test name="Default test" duration-ms="1108" started-at="2019-02-12T16:46:58Z" finished-at="2019-02-12T16:46:59Z">
      <class name="checkTest.GenerateReport">
        <test-method status="PASS" signature="login()[pri:0, instance:checkTest.GenerateReport@1e88b3c]" name="login" duration-ms="1049" started-at="2019-02-12T16:46:58Z" finished-at="2019-02-12T16:46:59Z">
          <reporter-output>
          </reporter-output>
        </test-method> <!-- login -->
      </class> <!-- checkTest.GenerateReport -->
    </test> <!-- Default test -->
  </suite> <!-- Default suite -->
</testng-results>
